{"text": "2024-02-06 18:18:46 | INFO    | __main__:stash:131 | run - {'image': '20231121', 'version': '0.10.1.post2', 'role': 'EpicPlayer', 'headless': True}\n", "record": {"elapsed": {"repr": "0:00:01.163412", "seconds": 1.163412}, "exception": null, "extra": {"image": "20231121", "version": "0.10.1.post2", "role": "EpicPlayer", "headless": true}, "file": {"name": "claim.py", "path": "/home/runner/work/epic-awesome-gamer/epic-awesome-gamer/epic/src/claim.py"}, "function": "stash", "level": {"icon": "‚ÑπÔ∏è", "name": "INFO", "no": 20}, "line": 131, "message": "run", "module": "claim", "name": "__main__", "process": {"id": 3481, "name": "MainProcess"}, "thread": {"id": 139991877421952, "name": "MainThread"}, "time": {"repr": "2024-02-06 18:18:46.140779+08:00", "timestamp": 1707214726.140779}}}
{"text": "2024-02-06 18:18:51 | WARNING    | epic_games.agent:get_order_history:467 | Failed to get order history, cookie may have expired - {}\n", "record": {"elapsed": {"repr": "0:00:06.771920", "seconds": 6.77192}, "exception": null, "extra": {}, "file": {"name": "agent.py", "path": "/home/runner/work/epic-awesome-gamer/epic-awesome-gamer/epic/src/epic_games/agent.py"}, "function": "get_order_history", "level": {"icon": "‚ö†Ô∏è", "name": "WARNING", "no": 30}, "line": 467, "message": "Failed to get order history, cookie may have expired", "module": "agent", "name": "epic_games.agent", "process": {"id": 3481, "name": "MainProcess"}, "thread": {"id": 139991877421952, "name": "MainThread"}, "time": {"repr": "2024-02-06 18:18:51.749287+08:00", "timestamp": 1707214731.749287}}}
{"text": "2024-02-06 18:18:52 | DEBUG    | __main__:create_tasks:66 | Put task - {'title': 'Doors - Paradox', 'url': 'https://store.epicgames.com/en-US/p/doors-paradox-5896c7'}\n", "record": {"elapsed": {"repr": "0:00:07.050859", "seconds": 7.050859}, "exception": null, "extra": {"title": "Doors - Paradox", "url": "https://store.epicgames.com/en-US/p/doors-paradox-5896c7"}, "file": {"name": "claim.py", "path": "/home/runner/work/epic-awesome-gamer/epic-awesome-gamer/epic/src/claim.py"}, "function": "create_tasks", "level": {"icon": "üêû", "name": "DEBUG", "no": 10}, "line": 66, "message": "Put task", "module": "claim", "name": "__main__", "process": {"id": 3481, "name": "MainProcess"}, "thread": {"id": 139991877421952, "name": "MainThread"}, "time": {"repr": "2024-02-06 18:18:52.028226+08:00", "timestamp": 1707214732.028226}}}
{"text": "2024-02-06 18:18:56 | INFO    | epic_games.agent:claim_weekly_games:294 | claim_weekly_games - {'action': 'go to store', 'url': 'https://store.epicgames.com/en-US/p/doors-paradox-5896c7'}\n", "record": {"elapsed": {"repr": "0:00:11.372074", "seconds": 11.372074}, "exception": null, "extra": {"action": "go to store", "url": "https://store.epicgames.com/en-US/p/doors-paradox-5896c7"}, "file": {"name": "agent.py", "path": "/home/runner/work/epic-awesome-gamer/epic-awesome-gamer/epic/src/epic_games/agent.py"}, "function": "claim_weekly_games", "level": {"icon": "‚ÑπÔ∏è", "name": "INFO", "no": 20}, "line": 294, "message": "claim_weekly_games", "module": "agent", "name": "epic_games.agent", "process": {"id": 3481, "name": "MainProcess"}, "thread": {"id": 139991877421952, "name": "MainThread"}, "time": {"repr": "2024-02-06 18:18:56.349441+08:00", "timestamp": 1707214736.349441}}}
{"text": "2024-02-06 18:19:05 | INFO    | epic_games.agent:claim_weekly_games:326 | claim_weekly_games - {'action': 'move to webPurchaseContainer iframe'}\n", "record": {"elapsed": {"repr": "0:00:20.028507", "seconds": 20.028507}, "exception": null, "extra": {"action": "move to webPurchaseContainer iframe"}, "file": {"name": "agent.py", "path": "/home/runner/work/epic-awesome-gamer/epic-awesome-gamer/epic/src/epic_games/agent.py"}, "function": "claim_weekly_games", "level": {"icon": "‚ÑπÔ∏è", "name": "INFO", "no": 20}, "line": 326, "message": "claim_weekly_games", "module": "agent", "name": "epic_games.agent", "process": {"id": 3481, "name": "MainProcess"}, "thread": {"id": 139991877421952, "name": "MainThread"}, "time": {"repr": "2024-02-06 18:19:05.005874+08:00", "timestamp": 1707214745.005874}}}
{"text": "2024-02-06 18:19:07 | INFO    | epic_games.agent:claim_weekly_games:328 | claim_weekly_games - {'action': 'click payment button'}\n", "record": {"elapsed": {"repr": "0:00:22.425500", "seconds": 22.4255}, "exception": null, "extra": {"action": "click payment button"}, "file": {"name": "agent.py", "path": "/home/runner/work/epic-awesome-gamer/epic-awesome-gamer/epic/src/epic_games/agent.py"}, "function": "claim_weekly_games", "level": {"icon": "‚ÑπÔ∏è", "name": "INFO", "no": 20}, "line": 328, "message": "claim_weekly_games", "module": "agent", "name": "epic_games.agent", "process": {"id": 3481, "name": "MainProcess"}, "thread": {"id": 139991877421952, "name": "MainThread"}, "time": {"repr": "2024-02-06 18:19:07.402867+08:00", "timestamp": 1707214747.402867}}}
{"text": "2024-02-06 18:19:12 | DEBUG    | hcaptcha_challenger.agents.playwright.control:_parse_label:241 | get task - {'prompt': \"Œ°lease click Œøn the squirrel's eye—ï\"}\n", "record": {"elapsed": {"repr": "0:00:27.427909", "seconds": 27.427909}, "exception": null, "extra": {"prompt": "Œ°lease click Œøn the squirrel's eye—ï"}, "file": {"name": "control.py", "path": "/opt/hostedtoolcache/Python/3.10.13/x64/lib/python3.10/site-packages/hcaptcha_challenger/agents/playwright/control.py"}, "function": "_parse_label", "level": {"icon": "üêû", "name": "DEBUG", "no": 10}, "line": 241, "message": "get task", "module": "control", "name": "hcaptcha_challenger.agents.playwright.control", "process": {"id": 3481, "name": "MainProcess"}, "thread": {"id": 139991877421952, "name": "MainThread"}, "time": {"repr": "2024-02-06 18:19:12.405276+08:00", "timestamp": 1707214752.405276}}}
{"text": "2024-02-06 18:19:19 | DEBUG    | epic_games.agent:insert_challenge:106 | task done - {'sattus': 'success'}\n", "record": {"elapsed": {"repr": "0:00:34.028917", "seconds": 34.028917}, "exception": null, "extra": {"sattus": "success"}, "file": {"name": "agent.py", "path": "/home/runner/work/epic-awesome-gamer/epic-awesome-gamer/epic/src/epic_games/agent.py"}, "function": "insert_challenge", "level": {"icon": "üêû", "name": "DEBUG", "no": 10}, "line": 106, "message": "task done", "module": "agent", "name": "epic_games.agent", "process": {"id": 3481, "name": "MainProcess"}, "thread": {"id": 139991877421952, "name": "MainThread"}, "time": {"repr": "2024-02-06 18:19:19.006284+08:00", "timestamp": 1707214759.006284}}}
{"text": "2024-02-06 18:19:51 | INFO    | epic_games.agent:claim_weekly_games:294 | claim_weekly_games - {'action': 'go to store', 'url': 'https://store.epicgames.com/en-US/p/doors-paradox-5896c7'}\n", "record": {"elapsed": {"repr": "0:01:06.185040", "seconds": 66.18504}, "exception": null, "extra": {"action": "go to store", "url": "https://store.epicgames.com/en-US/p/doors-paradox-5896c7"}, "file": {"name": "agent.py", "path": "/home/runner/work/epic-awesome-gamer/epic-awesome-gamer/epic/src/epic_games/agent.py"}, "function": "claim_weekly_games", "level": {"icon": "‚ÑπÔ∏è", "name": "INFO", "no": 20}, "line": 294, "message": "claim_weekly_games", "module": "agent", "name": "epic_games.agent", "process": {"id": 3481, "name": "MainProcess"}, "thread": {"id": 139991877421952, "name": "MainThread"}, "time": {"repr": "2024-02-06 18:19:51.162407+08:00", "timestamp": 1707214791.162407}}}
{"text": "2024-02-06 18:19:59 | INFO    | epic_games.agent:claim_weekly_games:326 | claim_weekly_games - {'action': 'move to webPurchaseContainer iframe'}\n", "record": {"elapsed": {"repr": "0:01:14.434072", "seconds": 74.434072}, "exception": null, "extra": {"action": "move to webPurchaseContainer iframe"}, "file": {"name": "agent.py", "path": "/home/runner/work/epic-awesome-gamer/epic-awesome-gamer/epic/src/epic_games/agent.py"}, "function": "claim_weekly_games", "level": {"icon": "‚ÑπÔ∏è", "name": "INFO", "no": 20}, "line": 326, "message": "claim_weekly_games", "module": "agent", "name": "epic_games.agent", "process": {"id": 3481, "name": "MainProcess"}, "thread": {"id": 139991877421952, "name": "MainThread"}, "time": {"repr": "2024-02-06 18:19:59.411439+08:00", "timestamp": 1707214799.411439}}}
{"text": "2024-02-06 18:20:01 | INFO    | epic_games.agent:claim_weekly_games:328 | claim_weekly_games - {'action': 'click payment button'}\n", "record": {"elapsed": {"repr": "0:01:16.827032", "seconds": 76.827032}, "exception": null, "extra": {"action": "click payment button"}, "file": {"name": "agent.py", "path": "/home/runner/work/epic-awesome-gamer/epic-awesome-gamer/epic/src/epic_games/agent.py"}, "function": "claim_weekly_games", "level": {"icon": "‚ÑπÔ∏è", "name": "INFO", "no": 20}, "line": 328, "message": "claim_weekly_games", "module": "agent", "name": "epic_games.agent", "process": {"id": 3481, "name": "MainProcess"}, "thread": {"id": 139991877421952, "name": "MainThread"}, "time": {"repr": "2024-02-06 18:20:01.804399+08:00", "timestamp": 1707214801.804399}}}
{"text": "2024-02-06 18:20:06 | DEBUG    | hcaptcha_challenger.agents.playwright.control:_parse_label:241 | get task - {'prompt': 'Please —Ål—ñck on the obje—Åt that ‘Åo–µs not belong in the environment'}\n", "record": {"elapsed": {"repr": "0:01:21.829482", "seconds": 81.829482}, "exception": null, "extra": {"prompt": "Please —Ål—ñck on the obje—Åt that ‘Åo–µs not belong in the environment"}, "file": {"name": "control.py", "path": "/opt/hostedtoolcache/Python/3.10.13/x64/lib/python3.10/site-packages/hcaptcha_challenger/agents/playwright/control.py"}, "function": "_parse_label", "level": {"icon": "üêû", "name": "DEBUG", "no": 10}, "line": 241, "message": "get task", "module": "control", "name": "hcaptcha_challenger.agents.playwright.control", "process": {"id": 3481, "name": "MainProcess"}, "thread": {"id": 139991877421952, "name": "MainThread"}, "time": {"repr": "2024-02-06 18:20:06.806849+08:00", "timestamp": 1707214806.806849}}}
{"text": "2024-02-06 18:20:11 | DEBUG    | epic_games.agent:insert_challenge:106 | task done - {'sattus': 'success'}\n", "record": {"elapsed": {"repr": "0:01:26.774970", "seconds": 86.77497}, "exception": null, "extra": {"sattus": "success"}, "file": {"name": "agent.py", "path": "/home/runner/work/epic-awesome-gamer/epic-awesome-gamer/epic/src/epic_games/agent.py"}, "function": "insert_challenge", "level": {"icon": "üêû", "name": "DEBUG", "no": 10}, "line": 106, "message": "task done", "module": "agent", "name": "epic_games.agent", "process": {"id": 3481, "name": "MainProcess"}, "thread": {"id": 139991877421952, "name": "MainThread"}, "time": {"repr": "2024-02-06 18:20:11.752337+08:00", "timestamp": 1707214811.752337}}}
{"text": "2024-02-06 18:20:43 | INFO    | epic_games.agent:claim_weekly_games:294 | claim_weekly_games - {'action': 'go to store', 'url': 'https://store.epicgames.com/en-US/p/doors-paradox-5896c7'}\n", "record": {"elapsed": {"repr": "0:01:58.907608", "seconds": 118.907608}, "exception": null, "extra": {"action": "go to store", "url": "https://store.epicgames.com/en-US/p/doors-paradox-5896c7"}, "file": {"name": "agent.py", "path": "/home/runner/work/epic-awesome-gamer/epic-awesome-gamer/epic/src/epic_games/agent.py"}, "function": "claim_weekly_games", "level": {"icon": "‚ÑπÔ∏è", "name": "INFO", "no": 20}, "line": 294, "message": "claim_weekly_games", "module": "agent", "name": "epic_games.agent", "process": {"id": 3481, "name": "MainProcess"}, "thread": {"id": 139991877421952, "name": "MainThread"}, "time": {"repr": "2024-02-06 18:20:43.884975+08:00", "timestamp": 1707214843.884975}}}
{"text": "2024-02-06 18:20:52 | INFO    | epic_games.agent:claim_weekly_games:326 | claim_weekly_games - {'action': 'move to webPurchaseContainer iframe'}\n", "record": {"elapsed": {"repr": "0:02:07.049704", "seconds": 127.049704}, "exception": null, "extra": {"action": "move to webPurchaseContainer iframe"}, "file": {"name": "agent.py", "path": "/home/runner/work/epic-awesome-gamer/epic-awesome-gamer/epic/src/epic_games/agent.py"}, "function": "claim_weekly_games", "level": {"icon": "‚ÑπÔ∏è", "name": "INFO", "no": 20}, "line": 326, "message": "claim_weekly_games", "module": "agent", "name": "epic_games.agent", "process": {"id": 3481, "name": "MainProcess"}, "thread": {"id": 139991877421952, "name": "MainThread"}, "time": {"repr": "2024-02-06 18:20:52.027071+08:00", "timestamp": 1707214852.027071}}}
{"text": "2024-02-06 18:20:54 | INFO    | epic_games.agent:claim_weekly_games:328 | claim_weekly_games - {'action': 'click payment button'}\n", "record": {"elapsed": {"repr": "0:02:09.458904", "seconds": 129.458904}, "exception": null, "extra": {"action": "click payment button"}, "file": {"name": "agent.py", "path": "/home/runner/work/epic-awesome-gamer/epic-awesome-gamer/epic/src/epic_games/agent.py"}, "function": "claim_weekly_games", "level": {"icon": "‚ÑπÔ∏è", "name": "INFO", "no": 20}, "line": 328, "message": "claim_weekly_games", "module": "agent", "name": "epic_games.agent", "process": {"id": 3481, "name": "MainProcess"}, "thread": {"id": 139991877421952, "name": "MainThread"}, "time": {"repr": "2024-02-06 18:20:54.436271+08:00", "timestamp": 1707214854.436271}}}
{"text": "2024-02-06 18:20:59 | DEBUG    | hcaptcha_challenger.agents.playwright.control:_parse_label:241 | get task - {'prompt': \"Please click on the squirrel's eyes\"}\n", "record": {"elapsed": {"repr": "0:02:14.462680", "seconds": 134.46268}, "exception": null, "extra": {"prompt": "Please click on the squirrel's eyes"}, "file": {"name": "control.py", "path": "/opt/hostedtoolcache/Python/3.10.13/x64/lib/python3.10/site-packages/hcaptcha_challenger/agents/playwright/control.py"}, "function": "_parse_label", "level": {"icon": "üêû", "name": "DEBUG", "no": 10}, "line": 241, "message": "get task", "module": "control", "name": "hcaptcha_challenger.agents.playwright.control", "process": {"id": 3481, "name": "MainProcess"}, "thread": {"id": 139991877421952, "name": "MainThread"}, "time": {"repr": "2024-02-06 18:20:59.440047+08:00", "timestamp": 1707214859.440047}}}
{"text": "2024-02-06 18:21:05 | DEBUG    | epic_games.agent:insert_challenge:106 | task done - {'sattus': 'success'}\n", "record": {"elapsed": {"repr": "0:02:20.324041", "seconds": 140.324041}, "exception": null, "extra": {"sattus": "success"}, "file": {"name": "agent.py", "path": "/home/runner/work/epic-awesome-gamer/epic-awesome-gamer/epic/src/epic_games/agent.py"}, "function": "insert_challenge", "level": {"icon": "üêû", "name": "DEBUG", "no": 10}, "line": 106, "message": "task done", "module": "agent", "name": "epic_games.agent", "process": {"id": 3481, "name": "MainProcess"}, "thread": {"id": 139991877421952, "name": "MainThread"}, "time": {"repr": "2024-02-06 18:21:05.301408+08:00", "timestamp": 1707214865.301408}}}
{"text": "2024-02-06 18:21:37 | ERROR    | __main__:run:158 | An error has been caught in function 'run', process 'MainProcess' (3481), thread 'MainThread' (139991877421952): - {}\nTraceback (most recent call last):\n  File \"/home/runner/work/epic-awesome-gamer/epic-awesome-gamer/epic/src/claim.py\", line 151, in stash\n    await self.claim_epic_games(context)\n  File \"/home/runner/work/epic-awesome-gamer/epic-awesome-gamer/epic/src/claim.py\", line 122, in claim_epic_games\n    await epic.claim_weekly_games(page, single_promotions)\n  File \"/opt/hostedtoolcache/Python/3.10.13/x64/lib/python3.10/site-packages/tenacity/_asyncio.py\", line 88, in async_wrapped\n    return await fn(*args, **kwargs)\n  File \"/opt/hostedtoolcache/Python/3.10.13/x64/lib/python3.10/site-packages/tenacity/_asyncio.py\", line 47, in __call__\n    do = self.iter(retry_state=retry_state)\n  File \"/opt/hostedtoolcache/Python/3.10.13/x64/lib/python3.10/site-packages/tenacity/__init__.py\", line 325, in iter\n    raise retry_exc.reraise()\n  File \"/opt/hostedtoolcache/Python/3.10.13/x64/lib/python3.10/site-packages/tenacity/__init__.py\", line 158, in reraise\n    raise self.last_attempt.result()\n  File \"/opt/hostedtoolcache/Python/3.10.13/x64/lib/python3.10/concurrent/futures/_base.py\", line 451, in result\n    return self.__get_result()\n  File \"/opt/hostedtoolcache/Python/3.10.13/x64/lib/python3.10/concurrent/futures/_base.py\", line 403, in __get_result\n    raise self._exception\n  File \"/opt/hostedtoolcache/Python/3.10.13/x64/lib/python3.10/site-packages/tenacity/_asyncio.py\", line 50, in __call__\n    result = await fn(*args, **kwargs)\n  File \"/home/runner/work/epic-awesome-gamer/epic-awesome-gamer/epic/src/epic_games/agent.py\", line 338, in claim_weekly_games\n    await page.wait_for_url(recur_url)\n  File \"/opt/hostedtoolcache/Python/3.10.13/x64/lib/python3.10/site-packages/playwright/async_api/_generated.py\", line 9432, in wait_for_url\n    await self._impl_obj.wait_for_url(\n  File \"/opt/hostedtoolcache/Python/3.10.13/x64/lib/python3.10/site-packages/playwright/_impl/_page.py\", line 508, in wait_for_url\n    return await self._main_frame.wait_for_url(**locals_to_params(locals()))\n  File \"/opt/hostedtoolcache/Python/3.10.13/x64/lib/python3.10/site-packages/playwright/_impl/_frame.py\", line 237, in wait_for_url\n    async with self.expect_navigation(\n  File \"/opt/hostedtoolcache/Python/3.10.13/x64/lib/python3.10/site-packages/playwright/_impl/_event_context_manager.py\", line 33, in __aexit__\n    await self._future\n  File \"/opt/hostedtoolcache/Python/3.10.13/x64/lib/python3.10/site-packages/playwright/_impl/_frame.py\", line 212, in continuation\n    event = await waiter.result()\nplaywright._impl._errors.TimeoutError: Timeout 30000ms exceeded.\n=========================== logs ===========================\nwaiting for navigation to \"https://store.epicgames.com/en-US/cart/success\" until 'load'\n============================================================\n\nDuring handling of the above exception, another exception occurred:\n\nTraceback (most recent call last):\n  File \"/home/runner/work/epic-awesome-gamer/epic-awesome-gamer/epic/src/claim.py\", line 162, in <module>\n    asyncio.run(run())\n  File \"/opt/hostedtoolcache/Python/3.10.13/x64/lib/python3.10/asyncio/runners.py\", line 44, in run\n    return loop.run_until_complete(main)\n  File \"/opt/hostedtoolcache/Python/3.10.13/x64/lib/python3.10/asyncio/base_events.py\", line 636, in run_until_complete\n    self.run_forever()\n  File \"/opt/hostedtoolcache/Python/3.10.13/x64/lib/python3.10/asyncio/base_events.py\", line 603, in run_forever\n    self._run_once()\n  File \"/opt/hostedtoolcache/Python/3.10.13/x64/lib/python3.10/asyncio/base_events.py\", line 1909, in _run_once\n    handle._run()\n  File \"/opt/hostedtoolcache/Python/3.10.13/x64/lib/python3.10/asyncio/events.py\", line 80, in _run\n    self._context.run(self._callback, *self._args)\n> File \"/home/runner/work/epic-awesome-gamer/epic-awesome-gamer/epic/src/claim.py\", line 158, in run\n    await agent.stash()\n  File \"/home/runner/work/epic-awesome-gamer/epic-awesome-gamer/epic/src/claim.py\", line 139, in stash\n    async with async_playwright() as p:\n  File \"/opt/hostedtoolcache/Python/3.10.13/x64/lib/python3.10/site-packages/playwright/async_api/_context_manager.py\", line 58, in __aexit__\n    await self._connection.stop_async()\n  File \"/opt/hostedtoolcache/Python/3.10.13/x64/lib/python3.10/site-packages/playwright/_impl/_connection.py\", line 289, in stop_async\n    self.cleanup()\n  File \"/opt/hostedtoolcache/Python/3.10.13/x64/lib/python3.10/site-packages/playwright/_impl/_connection.py\", line 300, in cleanup\n    callback.future.set_exception(self._closed_error)\nasyncio.exceptions.InvalidStateError: invalid state\n", "record": {"elapsed": {"repr": "0:02:52.156462", "seconds": 172.156462}, "exception": {"type": "InvalidStateError", "value": "invalid state", "traceback": true}, "extra": {}, "file": {"name": "claim.py", "path": "/home/runner/work/epic-awesome-gamer/epic-awesome-gamer/epic/src/claim.py"}, "function": "run", "level": {"icon": "‚ùå", "name": "ERROR", "no": 40}, "line": 158, "message": "An error has been caught in function 'run', process 'MainProcess' (3481), thread 'MainThread' (139991877421952):", "module": "claim", "name": "__main__", "process": {"id": 3481, "name": "MainProcess"}, "thread": {"id": 139991877421952, "name": "MainThread"}, "time": {"repr": "2024-02-06 18:21:37.133829+08:00", "timestamp": 1707214897.133829}}}
