{"text": "2023-12-14 10:43:35 | INFO    | __main__:stash:131 | run - {'image': '20231121', 'version': '0.10.1.post2', 'role': 'EpicPlayer', 'headless': True}\n", "record": {"elapsed": {"repr": "0:00:00.907431", "seconds": 0.907431}, "exception": null, "extra": {"image": "20231121", "version": "0.10.1.post2", "role": "EpicPlayer", "headless": true}, "file": {"name": "claim.py", "path": "/home/runner/work/epic-awesome-gamer/epic-awesome-gamer/epic/src/claim.py"}, "function": "stash", "level": {"icon": "‚ÑπÔ∏è", "name": "INFO", "no": 20}, "line": 131, "message": "run", "module": "claim", "name": "__main__", "process": {"id": 3726, "name": "MainProcess"}, "thread": {"id": 139687570582400, "name": "MainThread"}, "time": {"repr": "2023-12-14 10:43:35.918836+08:00", "timestamp": 1702521815.918836}}}
{"text": "2023-12-14 10:43:42 | DEBUG    | __main__:create_tasks:66 | Put task - {'title': 'Destiny 2: Legacy Collection', 'url': 'https://store.epicgames.com/en-US/p/destiny-2--legacy-collection-2023'}\n", "record": {"elapsed": {"repr": "0:00:07.865215", "seconds": 7.865215}, "exception": null, "extra": {"title": "Destiny 2: Legacy Collection", "url": "https://store.epicgames.com/en-US/p/destiny-2--legacy-collection-2023"}, "file": {"name": "claim.py", "path": "/home/runner/work/epic-awesome-gamer/epic-awesome-gamer/epic/src/claim.py"}, "function": "create_tasks", "level": {"icon": "üêû", "name": "DEBUG", "no": 10}, "line": 66, "message": "Put task", "module": "claim", "name": "__main__", "process": {"id": 3726, "name": "MainProcess"}, "thread": {"id": 139687570582400, "name": "MainThread"}, "time": {"repr": "2023-12-14 10:43:42.876620+08:00", "timestamp": 1702521822.87662}}}
{"text": "2023-12-14 10:43:49 | INFO    | epic_games.agent:claim_weekly_games:294 | claim_weekly_games - {'action': 'go to store', 'url': 'https://store.epicgames.com/en-US/p/destiny-2--legacy-collection-2023'}\n", "record": {"elapsed": {"repr": "0:00:14.507164", "seconds": 14.507164}, "exception": null, "extra": {"action": "go to store", "url": "https://store.epicgames.com/en-US/p/destiny-2--legacy-collection-2023"}, "file": {"name": "agent.py", "path": "/home/runner/work/epic-awesome-gamer/epic-awesome-gamer/epic/src/epic_games/agent.py"}, "function": "claim_weekly_games", "level": {"icon": "‚ÑπÔ∏è", "name": "INFO", "no": 20}, "line": 294, "message": "claim_weekly_games", "module": "agent", "name": "epic_games.agent", "process": {"id": 3726, "name": "MainProcess"}, "thread": {"id": 139687570582400, "name": "MainThread"}, "time": {"repr": "2023-12-14 10:43:49.518569+08:00", "timestamp": 1702521829.518569}}}
{"text": "2023-12-14 10:43:58 | INFO    | epic_games.agent:claim_weekly_games:326 | claim_weekly_games - {'action': 'move to webPurchaseContainer iframe'}\n", "record": {"elapsed": {"repr": "0:00:23.936265", "seconds": 23.936265}, "exception": null, "extra": {"action": "move to webPurchaseContainer iframe"}, "file": {"name": "agent.py", "path": "/home/runner/work/epic-awesome-gamer/epic-awesome-gamer/epic/src/epic_games/agent.py"}, "function": "claim_weekly_games", "level": {"icon": "‚ÑπÔ∏è", "name": "INFO", "no": 20}, "line": 326, "message": "claim_weekly_games", "module": "agent", "name": "epic_games.agent", "process": {"id": 3726, "name": "MainProcess"}, "thread": {"id": 139687570582400, "name": "MainThread"}, "time": {"repr": "2023-12-14 10:43:58.947670+08:00", "timestamp": 1702521838.94767}}}
{"text": "2023-12-14 10:44:01 | INFO    | epic_games.agent:claim_weekly_games:328 | claim_weekly_games - {'action': 'click payment button'}\n", "record": {"elapsed": {"repr": "0:00:26.328852", "seconds": 26.328852}, "exception": null, "extra": {"action": "click payment button"}, "file": {"name": "agent.py", "path": "/home/runner/work/epic-awesome-gamer/epic-awesome-gamer/epic/src/epic_games/agent.py"}, "function": "claim_weekly_games", "level": {"icon": "‚ÑπÔ∏è", "name": "INFO", "no": 20}, "line": 328, "message": "claim_weekly_games", "module": "agent", "name": "epic_games.agent", "process": {"id": 3726, "name": "MainProcess"}, "thread": {"id": 139687570582400, "name": "MainThread"}, "time": {"repr": "2023-12-14 10:44:01.340257+08:00", "timestamp": 1702521841.340257}}}
{"text": "2023-12-14 10:44:06 | DEBUG    | hcaptcha_challenger.agents.playwright.control:_parse_label:241 | get task - {'prompt': 'Œ°lease cl—ñck each image conta—ñning a kitchen appliance'}\n", "record": {"elapsed": {"repr": "0:00:31.331075", "seconds": 31.331075}, "exception": null, "extra": {"prompt": "Œ°lease cl—ñck each image conta—ñning a kitchen appliance"}, "file": {"name": "control.py", "path": "/opt/hostedtoolcache/Python/3.10.13/x64/lib/python3.10/site-packages/hcaptcha_challenger/agents/playwright/control.py"}, "function": "_parse_label", "level": {"icon": "üêû", "name": "DEBUG", "no": 10}, "line": 241, "message": "get task", "module": "control", "name": "hcaptcha_challenger.agents.playwright.control", "process": {"id": 3726, "name": "MainProcess"}, "thread": {"id": 139687570582400, "name": "MainThread"}, "time": {"repr": "2023-12-14 10:44:06.342480+08:00", "timestamp": 1702521846.34248}}}
{"text": "2023-12-14 10:44:07 | DEBUG    | hcaptcha_challenger.agents.playwright.control:_catch_all_binary_challenge:474 | handle task - {'unsupervised': 'binary', 'candidate_labels': ['This is a picture that looks like kitchen appliance.', \"This is a picture that don't look like kitchen appliance.\"], 'prompt': 'Œ°lease cl—ñck each image conta—ñning a kitchen appliance', 'timit': '1.018s'}\n", "record": {"elapsed": {"repr": "0:00:32.502613", "seconds": 32.502613}, "exception": null, "extra": {"unsupervised": "binary", "candidate_labels": ["This is a picture that looks like kitchen appliance.", "This is a picture that don't look like kitchen appliance."], "prompt": "Œ°lease cl—ñck each image conta—ñning a kitchen appliance", "timit": "1.018s"}, "file": {"name": "control.py", "path": "/opt/hostedtoolcache/Python/3.10.13/x64/lib/python3.10/site-packages/hcaptcha_challenger/agents/playwright/control.py"}, "function": "_catch_all_binary_challenge", "level": {"icon": "üêû", "name": "DEBUG", "no": 10}, "line": 474, "message": "handle task", "module": "control", "name": "hcaptcha_challenger.agents.playwright.control", "process": {"id": 3726, "name": "MainProcess"}, "thread": {"id": 139687570582400, "name": "MainThread"}, "time": {"repr": "2023-12-14 10:44:07.514018+08:00", "timestamp": 1702521847.514018}}}
{"text": "2023-12-14 10:44:14 | DEBUG    | epic_games.agent:insert_challenge:106 | task done - {'sattus': 'success'}\n", "record": {"elapsed": {"repr": "0:00:39.546090", "seconds": 39.54609}, "exception": null, "extra": {"sattus": "success"}, "file": {"name": "agent.py", "path": "/home/runner/work/epic-awesome-gamer/epic-awesome-gamer/epic/src/epic_games/agent.py"}, "function": "insert_challenge", "level": {"icon": "üêû", "name": "DEBUG", "no": 10}, "line": 106, "message": "task done", "module": "agent", "name": "epic_games.agent", "process": {"id": 3726, "name": "MainProcess"}, "thread": {"id": 139687570582400, "name": "MainThread"}, "time": {"repr": "2023-12-14 10:44:14.557495+08:00", "timestamp": 1702521854.557495}}}
{"text": "2023-12-14 10:44:46 | INFO    | epic_games.agent:claim_weekly_games:294 | claim_weekly_games - {'action': 'go to store', 'url': 'https://store.epicgames.com/en-US/p/destiny-2--legacy-collection-2023'}\n", "record": {"elapsed": {"repr": "0:01:11.715013", "seconds": 71.715013}, "exception": null, "extra": {"action": "go to store", "url": "https://store.epicgames.com/en-US/p/destiny-2--legacy-collection-2023"}, "file": {"name": "agent.py", "path": "/home/runner/work/epic-awesome-gamer/epic-awesome-gamer/epic/src/epic_games/agent.py"}, "function": "claim_weekly_games", "level": {"icon": "‚ÑπÔ∏è", "name": "INFO", "no": 20}, "line": 294, "message": "claim_weekly_games", "module": "agent", "name": "epic_games.agent", "process": {"id": 3726, "name": "MainProcess"}, "thread": {"id": 139687570582400, "name": "MainThread"}, "time": {"repr": "2023-12-14 10:44:46.726418+08:00", "timestamp": 1702521886.726418}}}
{"text": "2023-12-14 10:44:55 | INFO    | epic_games.agent:claim_weekly_games:326 | claim_weekly_games - {'action': 'move to webPurchaseContainer iframe'}\n", "record": {"elapsed": {"repr": "0:01:20.074425", "seconds": 80.074425}, "exception": null, "extra": {"action": "move to webPurchaseContainer iframe"}, "file": {"name": "agent.py", "path": "/home/runner/work/epic-awesome-gamer/epic-awesome-gamer/epic/src/epic_games/agent.py"}, "function": "claim_weekly_games", "level": {"icon": "‚ÑπÔ∏è", "name": "INFO", "no": 20}, "line": 326, "message": "claim_weekly_games", "module": "agent", "name": "epic_games.agent", "process": {"id": 3726, "name": "MainProcess"}, "thread": {"id": 139687570582400, "name": "MainThread"}, "time": {"repr": "2023-12-14 10:44:55.085830+08:00", "timestamp": 1702521895.08583}}}
{"text": "2023-12-14 10:44:57 | INFO    | epic_games.agent:claim_weekly_games:328 | claim_weekly_games - {'action': 'click payment button'}\n", "record": {"elapsed": {"repr": "0:01:22.458244", "seconds": 82.458244}, "exception": null, "extra": {"action": "click payment button"}, "file": {"name": "agent.py", "path": "/home/runner/work/epic-awesome-gamer/epic-awesome-gamer/epic/src/epic_games/agent.py"}, "function": "claim_weekly_games", "level": {"icon": "‚ÑπÔ∏è", "name": "INFO", "no": 20}, "line": 328, "message": "claim_weekly_games", "module": "agent", "name": "epic_games.agent", "process": {"id": 3726, "name": "MainProcess"}, "thread": {"id": 139687570582400, "name": "MainThread"}, "time": {"repr": "2023-12-14 10:44:57.469649+08:00", "timestamp": 1702521897.469649}}}
{"text": "2023-12-14 10:45:02 | DEBUG    | hcaptcha_challenger.agents.playwright.control:_parse_label:241 | get task - {'prompt': 'Please cl—ñck on all images containing food'}\n", "record": {"elapsed": {"repr": "0:01:27.461109", "seconds": 87.461109}, "exception": null, "extra": {"prompt": "Please cl—ñck on all images containing food"}, "file": {"name": "control.py", "path": "/opt/hostedtoolcache/Python/3.10.13/x64/lib/python3.10/site-packages/hcaptcha_challenger/agents/playwright/control.py"}, "function": "_parse_label", "level": {"icon": "üêû", "name": "DEBUG", "no": 10}, "line": 241, "message": "get task", "module": "control", "name": "hcaptcha_challenger.agents.playwright.control", "process": {"id": 3726, "name": "MainProcess"}, "thread": {"id": 139687570582400, "name": "MainThread"}, "time": {"repr": "2023-12-14 10:45:02.472514+08:00", "timestamp": 1702521902.472514}}}
{"text": "2023-12-14 10:45:03 | DEBUG    | hcaptcha_challenger.agents.playwright.control:_catch_all_binary_challenge:474 | handle task - {'unsupervised': 'binary', 'candidate_labels': ['This is a picture that looks like food.', \"This is a picture that don't look like food.\"], 'prompt': 'Please cl—ñck on all images containing food', 'timit': '0.735s'}\n", "record": {"elapsed": {"repr": "0:01:28.326124", "seconds": 88.326124}, "exception": null, "extra": {"unsupervised": "binary", "candidate_labels": ["This is a picture that looks like food.", "This is a picture that don't look like food."], "prompt": "Please cl—ñck on all images containing food", "timit": "0.735s"}, "file": {"name": "control.py", "path": "/opt/hostedtoolcache/Python/3.10.13/x64/lib/python3.10/site-packages/hcaptcha_challenger/agents/playwright/control.py"}, "function": "_catch_all_binary_challenge", "level": {"icon": "üêû", "name": "DEBUG", "no": 10}, "line": 474, "message": "handle task", "module": "control", "name": "hcaptcha_challenger.agents.playwright.control", "process": {"id": 3726, "name": "MainProcess"}, "thread": {"id": 139687570582400, "name": "MainThread"}, "time": {"repr": "2023-12-14 10:45:03.337529+08:00", "timestamp": 1702521903.337529}}}
{"text": "2023-12-14 10:45:12 | DEBUG    | epic_games.agent:insert_challenge:106 | task done - {'sattus': 'success'}\n", "record": {"elapsed": {"repr": "0:01:37.700626", "seconds": 97.700626}, "exception": null, "extra": {"sattus": "success"}, "file": {"name": "agent.py", "path": "/home/runner/work/epic-awesome-gamer/epic-awesome-gamer/epic/src/epic_games/agent.py"}, "function": "insert_challenge", "level": {"icon": "üêû", "name": "DEBUG", "no": 10}, "line": 106, "message": "task done", "module": "agent", "name": "epic_games.agent", "process": {"id": 3726, "name": "MainProcess"}, "thread": {"id": 139687570582400, "name": "MainThread"}, "time": {"repr": "2023-12-14 10:45:12.712031+08:00", "timestamp": 1702521912.712031}}}
{"text": "2023-12-14 10:45:44 | INFO    | epic_games.agent:claim_weekly_games:294 | claim_weekly_games - {'action': 'go to store', 'url': 'https://store.epicgames.com/en-US/p/destiny-2--legacy-collection-2023'}\n", "record": {"elapsed": {"repr": "0:02:09.867239", "seconds": 129.867239}, "exception": null, "extra": {"action": "go to store", "url": "https://store.epicgames.com/en-US/p/destiny-2--legacy-collection-2023"}, "file": {"name": "agent.py", "path": "/home/runner/work/epic-awesome-gamer/epic-awesome-gamer/epic/src/epic_games/agent.py"}, "function": "claim_weekly_games", "level": {"icon": "‚ÑπÔ∏è", "name": "INFO", "no": 20}, "line": 294, "message": "claim_weekly_games", "module": "agent", "name": "epic_games.agent", "process": {"id": 3726, "name": "MainProcess"}, "thread": {"id": 139687570582400, "name": "MainThread"}, "time": {"repr": "2023-12-14 10:45:44.878644+08:00", "timestamp": 1702521944.878644}}}
{"text": "2023-12-14 10:45:53 | INFO    | epic_games.agent:claim_weekly_games:326 | claim_weekly_games - {'action': 'move to webPurchaseContainer iframe'}\n", "record": {"elapsed": {"repr": "0:02:18.283734", "seconds": 138.283734}, "exception": null, "extra": {"action": "move to webPurchaseContainer iframe"}, "file": {"name": "agent.py", "path": "/home/runner/work/epic-awesome-gamer/epic-awesome-gamer/epic/src/epic_games/agent.py"}, "function": "claim_weekly_games", "level": {"icon": "‚ÑπÔ∏è", "name": "INFO", "no": 20}, "line": 326, "message": "claim_weekly_games", "module": "agent", "name": "epic_games.agent", "process": {"id": 3726, "name": "MainProcess"}, "thread": {"id": 139687570582400, "name": "MainThread"}, "time": {"repr": "2023-12-14 10:45:53.295139+08:00", "timestamp": 1702521953.295139}}}
{"text": "2023-12-14 10:45:55 | INFO    | epic_games.agent:claim_weekly_games:328 | claim_weekly_games - {'action': 'click payment button'}\n", "record": {"elapsed": {"repr": "0:02:20.657436", "seconds": 140.657436}, "exception": null, "extra": {"action": "click payment button"}, "file": {"name": "agent.py", "path": "/home/runner/work/epic-awesome-gamer/epic-awesome-gamer/epic/src/epic_games/agent.py"}, "function": "claim_weekly_games", "level": {"icon": "‚ÑπÔ∏è", "name": "INFO", "no": 20}, "line": 328, "message": "claim_weekly_games", "module": "agent", "name": "epic_games.agent", "process": {"id": 3726, "name": "MainProcess"}, "thread": {"id": 139687570582400, "name": "MainThread"}, "time": {"repr": "2023-12-14 10:45:55.668841+08:00", "timestamp": 1702521955.668841}}}
{"text": "2023-12-14 10:46:00 | DEBUG    | hcaptcha_challenger.agents.playwright.control:_parse_label:241 | get task - {'prompt': 'Please cli—Åk each image containing a kitch–µn appliance'}\n", "record": {"elapsed": {"repr": "0:02:25.660108", "seconds": 145.660108}, "exception": null, "extra": {"prompt": "Please cli—Åk each image containing a kitch–µn appliance"}, "file": {"name": "control.py", "path": "/opt/hostedtoolcache/Python/3.10.13/x64/lib/python3.10/site-packages/hcaptcha_challenger/agents/playwright/control.py"}, "function": "_parse_label", "level": {"icon": "üêû", "name": "DEBUG", "no": 10}, "line": 241, "message": "get task", "module": "control", "name": "hcaptcha_challenger.agents.playwright.control", "process": {"id": 3726, "name": "MainProcess"}, "thread": {"id": 139687570582400, "name": "MainThread"}, "time": {"repr": "2023-12-14 10:46:00.671513+08:00", "timestamp": 1702521960.671513}}}
{"text": "2023-12-14 10:46:01 | DEBUG    | hcaptcha_challenger.agents.playwright.control:_catch_all_binary_challenge:474 | handle task - {'unsupervised': 'binary', 'candidate_labels': ['This is a picture that looks like kitchen appliance.', \"This is a picture that don't look like kitchen appliance.\"], 'prompt': 'Please cli—Åk each image containing a kitch–µn appliance', 'timit': '0.708s'}\n", "record": {"elapsed": {"repr": "0:02:26.502890", "seconds": 146.50289}, "exception": null, "extra": {"unsupervised": "binary", "candidate_labels": ["This is a picture that looks like kitchen appliance.", "This is a picture that don't look like kitchen appliance."], "prompt": "Please cli—Åk each image containing a kitch–µn appliance", "timit": "0.708s"}, "file": {"name": "control.py", "path": "/opt/hostedtoolcache/Python/3.10.13/x64/lib/python3.10/site-packages/hcaptcha_challenger/agents/playwright/control.py"}, "function": "_catch_all_binary_challenge", "level": {"icon": "üêû", "name": "DEBUG", "no": 10}, "line": 474, "message": "handle task", "module": "control", "name": "hcaptcha_challenger.agents.playwright.control", "process": {"id": 3726, "name": "MainProcess"}, "thread": {"id": 139687570582400, "name": "MainThread"}, "time": {"repr": "2023-12-14 10:46:01.514295+08:00", "timestamp": 1702521961.514295}}}
{"text": "2023-12-14 10:46:08 | DEBUG    | epic_games.agent:insert_challenge:106 | task done - {'sattus': 'success'}\n", "record": {"elapsed": {"repr": "0:02:33.803065", "seconds": 153.803065}, "exception": null, "extra": {"sattus": "success"}, "file": {"name": "agent.py", "path": "/home/runner/work/epic-awesome-gamer/epic-awesome-gamer/epic/src/epic_games/agent.py"}, "function": "insert_challenge", "level": {"icon": "üêû", "name": "DEBUG", "no": 10}, "line": 106, "message": "task done", "module": "agent", "name": "epic_games.agent", "process": {"id": 3726, "name": "MainProcess"}, "thread": {"id": 139687570582400, "name": "MainThread"}, "time": {"repr": "2023-12-14 10:46:08.814470+08:00", "timestamp": 1702521968.81447}}}
{"text": "2023-12-14 10:46:40 | ERROR    | __main__:run:158 | An error has been caught in function 'run', process 'MainProcess' (3726), thread 'MainThread' (139687570582400): - {}\nTraceback (most recent call last):\n  File \"/home/runner/work/epic-awesome-gamer/epic-awesome-gamer/epic/src/claim.py\", line 151, in stash\n    await self.claim_epic_games(context)\n  File \"/home/runner/work/epic-awesome-gamer/epic-awesome-gamer/epic/src/claim.py\", line 122, in claim_epic_games\n    await epic.claim_weekly_games(page, single_promotions)\n  File \"/opt/hostedtoolcache/Python/3.10.13/x64/lib/python3.10/site-packages/tenacity/_asyncio.py\", line 88, in async_wrapped\n    return await fn(*args, **kwargs)\n  File \"/opt/hostedtoolcache/Python/3.10.13/x64/lib/python3.10/site-packages/tenacity/_asyncio.py\", line 47, in __call__\n    do = self.iter(retry_state=retry_state)\n  File \"/opt/hostedtoolcache/Python/3.10.13/x64/lib/python3.10/site-packages/tenacity/__init__.py\", line 325, in iter\n    raise retry_exc.reraise()\n  File \"/opt/hostedtoolcache/Python/3.10.13/x64/lib/python3.10/site-packages/tenacity/__init__.py\", line 158, in reraise\n    raise self.last_attempt.result()\n  File \"/opt/hostedtoolcache/Python/3.10.13/x64/lib/python3.10/concurrent/futures/_base.py\", line 451, in result\n    return self.__get_result()\n  File \"/opt/hostedtoolcache/Python/3.10.13/x64/lib/python3.10/concurrent/futures/_base.py\", line 403, in __get_result\n    raise self._exception\n  File \"/opt/hostedtoolcache/Python/3.10.13/x64/lib/python3.10/site-packages/tenacity/_asyncio.py\", line 50, in __call__\n    result = await fn(*args, **kwargs)\n  File \"/home/runner/work/epic-awesome-gamer/epic-awesome-gamer/epic/src/epic_games/agent.py\", line 338, in claim_weekly_games\n    await page.wait_for_url(recur_url)\n  File \"/opt/hostedtoolcache/Python/3.10.13/x64/lib/python3.10/site-packages/playwright/async_api/_generated.py\", line 9417, in wait_for_url\n    await self._impl_obj.wait_for_url(\n  File \"/opt/hostedtoolcache/Python/3.10.13/x64/lib/python3.10/site-packages/playwright/_impl/_page.py\", line 499, in wait_for_url\n    return await self._main_frame.wait_for_url(**locals_to_params(locals()))\n  File \"/opt/hostedtoolcache/Python/3.10.13/x64/lib/python3.10/site-packages/playwright/_impl/_frame.py\", line 227, in wait_for_url\n    async with self.expect_navigation(\n  File \"/opt/hostedtoolcache/Python/3.10.13/x64/lib/python3.10/site-packages/playwright/_impl/_event_context_manager.py\", line 33, in __aexit__\n    await self._future\n  File \"/opt/hostedtoolcache/Python/3.10.13/x64/lib/python3.10/site-packages/playwright/_impl/_frame.py\", line 202, in continuation\n    event = await waiter.result()\nplaywright._impl._errors.TimeoutError: Timeout 30000ms exceeded.\n=========================== logs ===========================\nwaiting for navigation to \"https://store.epicgames.com/en-US/cart/success\" until 'load'\n============================================================\n\nDuring handling of the above exception, another exception occurred:\n\nTraceback (most recent call last):\n  File \"/home/runner/work/epic-awesome-gamer/epic-awesome-gamer/epic/src/claim.py\", line 162, in <module>\n    asyncio.run(run())\n  File \"/opt/hostedtoolcache/Python/3.10.13/x64/lib/python3.10/asyncio/runners.py\", line 44, in run\n    return loop.run_until_complete(main)\n  File \"/opt/hostedtoolcache/Python/3.10.13/x64/lib/python3.10/asyncio/base_events.py\", line 636, in run_until_complete\n    self.run_forever()\n  File \"/opt/hostedtoolcache/Python/3.10.13/x64/lib/python3.10/asyncio/base_events.py\", line 603, in run_forever\n    self._run_once()\n  File \"/opt/hostedtoolcache/Python/3.10.13/x64/lib/python3.10/asyncio/base_events.py\", line 1909, in _run_once\n    handle._run()\n  File \"/opt/hostedtoolcache/Python/3.10.13/x64/lib/python3.10/asyncio/events.py\", line 80, in _run\n    self._context.run(self._callback, *self._args)\n> File \"/home/runner/work/epic-awesome-gamer/epic-awesome-gamer/epic/src/claim.py\", line 158, in run\n    await agent.stash()\n  File \"/home/runner/work/epic-awesome-gamer/epic-awesome-gamer/epic/src/claim.py\", line 139, in stash\n    async with async_playwright() as p:\n  File \"/opt/hostedtoolcache/Python/3.10.13/x64/lib/python3.10/site-packages/playwright/async_api/_context_manager.py\", line 58, in __aexit__\n    await self._connection.stop_async()\n  File \"/opt/hostedtoolcache/Python/3.10.13/x64/lib/python3.10/site-packages/playwright/_impl/_connection.py\", line 288, in stop_async\n    self.cleanup()\n  File \"/opt/hostedtoolcache/Python/3.10.13/x64/lib/python3.10/site-packages/playwright/_impl/_connection.py\", line 299, in cleanup\n    callback.future.set_exception(self._closed_error)\nasyncio.exceptions.InvalidStateError: invalid state\n", "record": {"elapsed": {"repr": "0:03:05.638715", "seconds": 185.638715}, "exception": {"type": "InvalidStateError", "value": "invalid state", "traceback": true}, "extra": {}, "file": {"name": "claim.py", "path": "/home/runner/work/epic-awesome-gamer/epic-awesome-gamer/epic/src/claim.py"}, "function": "run", "level": {"icon": "‚ùå", "name": "ERROR", "no": 40}, "line": 158, "message": "An error has been caught in function 'run', process 'MainProcess' (3726), thread 'MainThread' (139687570582400):", "module": "claim", "name": "__main__", "process": {"id": 3726, "name": "MainProcess"}, "thread": {"id": 139687570582400, "name": "MainThread"}, "time": {"repr": "2023-12-14 10:46:40.650120+08:00", "timestamp": 1702522000.65012}}}
